TN:
SF:src\test.ts
FNF:0
FNH:0
DA:18,1
DA:23,1
DA:25,1
LF:3
LH:3
BRF:0
BRH:0
end_of_record
TN:
SF:src\app\app-routing.module.ts
FN:14,(anonymous_0)
FN:15,(anonymous_1)
FNF:2
FNH:0
FNDA:0,(anonymous_0)
FNDA:0,(anonymous_1)
DA:14,1
DA:15,0
DA:17,1
DA:38,1
LF:4
LH:3
BRF:0
BRH:0
end_of_record
TN:
SF:src\app\app.component.ts
FNF:0
FNH:0
DA:8,1
DA:9,2
LF:2
LH:2
BRF:0
BRH:0
end_of_record
TN:
SF:src\app\app.module.ts
FN:31,HttpLoaderFactory
FNF:1
FNH:1
FNDA:43,HttpLoaderFactory
DA:32,43
DA:87,1
LF:2
LH:2
BRF:0
BRH:0
end_of_record
TN:
SF:src\app\account\account-routing.module.ts
FNF:0
FNH:0
DA:9,1
DA:25,1
LF:2
LH:2
BRF:0
BRH:0
end_of_record
TN:
SF:src\app\account\account.module.ts
FN:13,HttpLoaderFactory
FNF:1
FNH:0
FNDA:0,HttpLoaderFactory
DA:14,0
DA:34,1
LF:2
LH:1
BRF:0
BRH:0
end_of_record
TN:
SF:src\app\account\layout\layout.component.ts
FN:12,(anonymous_0)
FN:27,(anonymous_1)
FN:30,(anonymous_2)
FNF:3
FNH:2
FNDA:1,(anonymous_0)
FNDA:0,(anonymous_1)
FNDA:1,(anonymous_2)
DA:10,1
DA:11,1
DA:13,1
DA:14,1
DA:15,1
DA:16,1
DA:18,1
DA:19,1
DA:20,0
DA:22,1
DA:23,1
DA:24,1
DA:25,1
DA:28,0
DA:31,1
LF:15
LH:13
BRDA:19,0,0,0
BRDA:19,0,1,1
BRDA:20,1,0,0
BRDA:20,1,1,0
BRDA:22,2,0,0
BRDA:22,2,1,1
BRDA:25,3,0,1
BRDA:25,3,1,0
BRF:8
BRH:3
end_of_record
TN:
SF:src\app\account\login\login.component.ts
FN:28,(anonymous_0)
FN:36,(anonymous_1)
FN:54,(anonymous_2)
FN:58,(anonymous_3)
FN:69,(anonymous_4)
FN:72,(anonymous_5)
FN:74,(anonymous_6)
FN:75,(anonymous_7)
FN:76,(anonymous_8)
FN:80,(anonymous_9)
FN:103,(anonymous_10)
FN:104,(anonymous_11)
FN:109,(anonymous_12)
FN:110,(anonymous_13)
FN:113,(anonymous_14)
FN:114,(anonymous_15)
FN:128,(anonymous_16)
FN:132,(anonymous_17)
FNF:18
FNH:5
FNDA:5,(anonymous_0)
FNDA:5,(anonymous_1)
FNDA:20,(anonymous_2)
FNDA:3,(anonymous_3)
FNDA:0,(anonymous_4)
FNDA:0,(anonymous_5)
FNDA:0,(anonymous_6)
FNDA:0,(anonymous_7)
FNDA:0,(anonymous_8)
FNDA:0,(anonymous_9)
FNDA:0,(anonymous_10)
FNDA:0,(anonymous_11)
FNDA:0,(anonymous_12)
FNDA:0,(anonymous_13)
FNDA:0,(anonymous_14)
FNDA:0,(anonymous_15)
FNDA:5,(anonymous_16)
FNDA:0,(anonymous_17)
DA:14,1
DA:17,5
DA:18,5
DA:19,5
DA:20,5
DA:22,5
DA:23,5
DA:24,5
DA:25,5
DA:26,5
DA:29,5
DA:30,5
DA:31,5
DA:32,5
DA:33,5
DA:37,5
DA:49,5
DA:55,20
DA:59,3
DA:60,3
DA:61,3
DA:62,2
DA:64,0
DA:65,0
DA:70,0
DA:72,0
DA:74,0
DA:75,0
DA:76,0
DA:78,0
DA:81,0
DA:82,0
DA:83,0
DA:84,0
DA:88,0
DA:89,0
DA:90,0
DA:93,0
DA:94,0
DA:95,0
DA:97,0
DA:98,0
DA:104,0
DA:105,0
DA:110,0
DA:111,0
DA:112,0
DA:113,0
DA:115,0
DA:116,0
DA:117,0
DA:118,0
DA:123,0
DA:129,5
DA:133,0
DA:134,0
DA:135,0
LF:57
LH:23
BRDA:61,0,0,2
BRDA:61,0,1,0
BRDA:82,1,0,0
BRDA:82,1,1,0
BRDA:84,2,0,0
BRDA:84,2,1,0
BRDA:85,3,0,0
BRDA:85,3,1,0
BRDA:93,4,0,0
BRDA:93,4,1,0
BRDA:111,5,0,0
BRDA:111,5,1,0
BRDA:115,6,0,0
BRDA:115,6,1,0
BRDA:134,7,0,0
BRDA:134,7,1,0
BRDA:135,8,0,0
BRDA:135,8,1,0
BRF:18
BRH:1
end_of_record
TN:
SF:src\app\account\new-password\new-password.component.ts
FN:25,(anonymous_0)
FN:33,(anonymous_1)
FN:47,(anonymous_2)
FN:50,(anonymous_3)
FN:59,(anonymous_4)
FN:62,(anonymous_5)
FN:66,(anonymous_6)
FN:78,(anonymous_7)
FN:82,(anonymous_8)
FNF:9
FNH:4
FNDA:1,(anonymous_0)
FNDA:1,(anonymous_1)
FNDA:8,(anonymous_2)
FNDA:0,(anonymous_3)
FNDA:0,(anonymous_4)
FNDA:0,(anonymous_5)
FNDA:0,(anonymous_6)
FNDA:0,(anonymous_7)
FNDA:1,(anonymous_8)
DA:11,1
DA:13,1
DA:14,1
DA:15,1
DA:19,1
DA:20,1
DA:21,1
DA:22,1
DA:26,1
DA:27,1
DA:28,1
DA:29,1
DA:30,1
DA:34,1
DA:48,8
DA:51,0
DA:52,0
DA:53,0
DA:58,0
DA:60,0
DA:63,0
DA:64,0
DA:65,0
DA:66,0
DA:67,0
DA:68,0
DA:69,0
DA:71,0
DA:76,0
DA:78,0
DA:79,0
DA:83,1
DA:84,0
LF:33
LH:16
BRDA:53,0,0,0
BRDA:53,0,1,0
BRDA:54,1,0,0
BRDA:54,1,1,0
BRDA:64,2,0,0
BRDA:64,2,1,0
BRDA:83,3,0,0
BRDA:83,3,1,1
BRF:8
BRH:1
end_of_record
TN:
SF:src\app\account\register\register.component.ts
FN:13,(anonymous_0)
FN:30,(anonymous_1)
FN:44,(anonymous_2)
FN:46,(anonymous_3)
FN:50,(anonymous_4)
FN:54,(anonymous_5)
FN:60,(anonymous_6)
FN:64,(anonymous_7)
FN:67,(anonymous_8)
FN:72,(anonymous_9)
FN:76,(anonymous_10)
FN:81,(anonymous_11)
FN:105,(anonymous_12)
FNF:13
FNH:6
FNDA:3,(anonymous_0)
FNDA:1,(anonymous_1)
FNDA:0,(anonymous_2)
FNDA:0,(anonymous_3)
FNDA:0,(anonymous_4)
FNDA:0,(anonymous_5)
FNDA:60,(anonymous_6)
FNDA:1,(anonymous_7)
FNDA:0,(anonymous_8)
FNDA:0,(anonymous_9)
FNDA:0,(anonymous_10)
FNDA:3,(anonymous_11)
FNDA:3,(anonymous_12)
DA:12,1
DA:14,3
DA:15,3
DA:16,3
DA:19,3
DA:20,3
DA:21,3
DA:22,3
DA:23,3
DA:24,3
DA:26,3
DA:31,1
DA:32,1
DA:33,1
DA:34,1
DA:35,1
DA:36,1
DA:37,1
DA:38,1
DA:39,1
DA:40,1
DA:41,1
DA:42,1
DA:43,1
DA:45,0
DA:46,0
DA:47,0
DA:51,0
DA:52,0
DA:53,0
DA:54,0
DA:55,0
DA:61,60
DA:65,1
DA:68,0
DA:73,0
DA:74,0
DA:77,0
DA:82,3
DA:106,3
DA:107,0
LF:41
LH:28
BRDA:73,0,0,0
BRDA:73,0,1,0
BRDA:106,1,0,0
BRDA:106,1,1,3
BRF:4
BRH:1
end_of_record
TN:
SF:src\app\cart\cart.component.ts
FN:22,(anonymous_0)
FN:30,(anonymous_1)
FN:36,(anonymous_2)
FN:37,(anonymous_3)
FN:47,(anonymous_4)
FN:51,(anonymous_5)
FN:52,(anonymous_6)
FN:58,(anonymous_7)
FN:59,(anonymous_8)
FN:72,(anonymous_9)
FN:74,(anonymous_10)
FN:79,(anonymous_11)
FNF:12
FNH:10
FNDA:5,(anonymous_0)
FNDA:5,(anonymous_1)
FNDA:5,(anonymous_2)
FNDA:0,(anonymous_3)
FNDA:5,(anonymous_4)
FNDA:2,(anonymous_5)
FNDA:4,(anonymous_6)
FNDA:3,(anonymous_7)
FNDA:6,(anonymous_8)
FNDA:6,(anonymous_9)
FNDA:8,(anonymous_10)
FNDA:0,(anonymous_11)
DA:14,1
DA:16,5
DA:17,5
DA:18,5
DA:20,5
DA:23,5
DA:24,5
DA:25,5
DA:26,5
DA:27,5
DA:31,5
DA:32,5
DA:33,5
DA:34,4
DA:35,4
DA:36,4
DA:37,5
DA:38,0
DA:39,0
DA:40,0
DA:41,0
DA:48,5
DA:52,4
DA:53,2
DA:54,2
DA:55,2
DA:56,2
DA:59,3
DA:60,6
DA:61,3
DA:62,1
DA:63,1
DA:64,2
DA:66,6
DA:68,3
DA:69,3
DA:70,3
DA:73,6
DA:74,6
DA:75,8
DA:77,6
DA:80,0
DA:81,0
DA:84,0
LF:44
LH:37
BRDA:32,0,0,5
BRDA:32,0,1,1
BRDA:33,1,0,4
BRDA:33,1,1,1
BRDA:34,2,0,4
BRDA:34,2,1,0
BRDA:60,3,0,3
BRDA:60,3,1,3
BRDA:61,4,0,1
BRDA:61,4,1,2
BRDA:61,5,0,3
BRDA:61,5,1,3
BRDA:80,6,0,0
BRDA:80,6,1,0
BRF:14
BRH:11
end_of_record
TN:
SF:src\app\confirm-account\confirm-account.component.ts
FN:12,(anonymous_0)
FN:18,(anonymous_1)
FN:22,(anonymous_2)
FNF:3
FNH:3
FNDA:1,(anonymous_0)
FNDA:1,(anonymous_1)
FNDA:1,(anonymous_2)
DA:10,1
DA:11,1
DA:13,1
DA:14,1
DA:15,1
DA:17,1
DA:18,1
DA:23,1
DA:24,1
LF:9
LH:9
BRF:0
BRH:0
end_of_record
TN:
SF:src\app\interceptors\app-interceptor.interceptor.ts
FN:12,(anonymous_0)
FN:14,(anonymous_1)
FNF:2
FNH:2
FNDA:3,(anonymous_0)
FNDA:1,(anonymous_1)
DA:11,1
DA:18,1
DA:24,0
DA:25,0
DA:28,0
DA:30,1
LF:6
LH:3
BRDA:18,0,0,0
BRDA:18,0,1,1
BRDA:19,1,0,1
BRDA:19,1,1,1
BRDA:19,1,2,1
BRDA:19,1,3,1
BRDA:24,2,0,0
BRDA:24,2,1,0
BRF:8
BRH:5
end_of_record
TN:
SF:src\app\interceptors\language-interceptor.ts
FN:12,(anonymous_0)
FN:14,(anonymous_1)
FNF:2
FNH:0
FNDA:0,(anonymous_0)
FNDA:0,(anonymous_1)
DA:11,1
DA:19,0
DA:20,0
DA:23,0
LF:4
LH:1
BRDA:19,0,0,0
BRDA:19,0,1,0
BRF:2
BRH:0
end_of_record
TN:
SF:src\app\models\cartBE.ts
FN:2,(anonymous_0)
FNF:1
FNH:1
FNDA:4,(anonymous_0)
DA:3,4
DA:4,4
LF:2
LH:2
BRDA:3,0,0,4
BRDA:6,1,0,4
BRF:2
BRH:2
end_of_record
TN:
SF:src\app\models\createUser.ts
FN:2,(anonymous_0)
FNF:1
FNH:1
FNDA:3,(anonymous_0)
DA:3,3
DA:4,3
DA:5,3
DA:6,3
DA:7,3
DA:8,3
DA:9,3
DA:10,3
LF:8
LH:8
BRDA:3,0,0,3
BRDA:4,1,0,3
BRDA:5,2,0,3
BRDA:6,3,0,3
BRDA:7,4,0,3
BRDA:8,5,0,3
BRDA:9,6,0,3
BRDA:15,7,0,3
BRF:8
BRH:8
end_of_record
TN:
SF:src\app\navbar\navbar.component.ts
FN:23,(anonymous_0)
FN:39,(anonymous_1)
FN:44,(anonymous_2)
FN:48,(anonymous_3)
FN:58,(anonymous_4)
FN:63,(anonymous_5)
FN:71,(anonymous_6)
FNF:7
FNH:5
FNDA:26,(anonymous_0)
FNDA:0,(anonymous_1)
FNDA:0,(anonymous_2)
FNDA:1,(anonymous_3)
FNDA:26,(anonymous_4)
FNDA:32,(anonymous_5)
FNDA:1,(anonymous_6)
DA:14,1
DA:16,26
DA:17,26
DA:18,26
DA:21,26
DA:22,26
DA:24,26
DA:25,26
DA:26,26
DA:27,26
DA:29,26
DA:30,26
DA:31,0
DA:33,26
DA:34,26
DA:35,26
DA:36,26
DA:40,0
DA:41,0
DA:45,0
DA:49,1
DA:50,1
DA:51,1
DA:52,1
DA:53,1
DA:56,1
DA:59,26
DA:62,26
DA:63,26
DA:64,32
DA:65,32
DA:66,32
DA:67,32
DA:72,1
LF:34
LH:30
BRDA:30,0,0,0
BRDA:30,0,1,26
BRDA:31,1,0,0
BRDA:31,1,1,0
BRDA:33,2,0,0
BRDA:33,2,1,26
BRDA:36,3,0,26
BRDA:36,3,1,0
BRDA:54,4,0,0
BRDA:54,4,1,1
BRDA:60,5,0,0
BRDA:60,5,1,26
BRDA:62,6,0,26
BRDA:62,6,1,26
BRF:14
BRH:7
end_of_record
TN:
SF:src\app\order\order.component.ts
FN:31,(anonymous_0)
FN:40,(anonymous_1)
FN:45,(anonymous_2)
FN:46,(anonymous_3)
FN:57,(anonymous_4)
FN:64,(anonymous_5)
FN:65,(anonymous_6)
FN:72,(anonymous_7)
FN:77,(anonymous_8)
FN:82,(anonymous_9)
FN:86,(anonymous_10)
FN:91,(anonymous_11)
FN:95,(anonymous_12)
FN:99,(anonymous_13)
FNF:14
FNH:3
FNDA:1,(anonymous_0)
FNDA:1,(anonymous_1)
FNDA:0,(anonymous_2)
FNDA:0,(anonymous_3)
FNDA:0,(anonymous_4)
FNDA:0,(anonymous_5)
FNDA:0,(anonymous_6)
FNDA:0,(anonymous_7)
FNDA:0,(anonymous_8)
FNDA:0,(anonymous_9)
FNDA:0,(anonymous_10)
FNDA:1,(anonymous_11)
FNDA:0,(anonymous_12)
FNDA:0,(anonymous_13)
DA:16,1
DA:18,1
DA:20,1
DA:21,1
DA:22,1
DA:23,1
DA:24,1
DA:25,1
DA:26,1
DA:27,1
DA:28,1
DA:29,1
DA:30,1
DA:32,1
DA:33,1
DA:34,1
DA:35,1
DA:36,1
DA:37,1
DA:41,1
DA:42,1
DA:43,1
DA:44,0
DA:45,0
DA:46,0
DA:47,0
DA:48,0
DA:49,0
DA:50,0
DA:51,0
DA:55,1
DA:58,0
DA:59,0
DA:60,0
DA:61,0
DA:62,0
DA:63,0
DA:65,0
DA:66,0
DA:68,0
DA:69,0
DA:70,0
DA:73,0
DA:78,0
DA:79,0
DA:80,0
DA:81,0
DA:83,0
DA:84,0
DA:87,0
DA:92,1
DA:96,0
DA:97,0
DA:100,0
DA:101,0
LF:55
LH:24
BRDA:41,0,0,1
BRDA:41,0,1,1
BRDA:42,1,0,1
BRDA:42,1,1,1
BRDA:43,2,0,0
BRDA:43,2,1,1
BRDA:100,3,0,0
BRDA:100,3,1,0
BRF:8
BRH:5
end_of_record
TN:
SF:src\app\payment-failure\payment-failure.component.ts
FN:10,(anonymous_0)
FN:12,(anonymous_1)
FNF:2
FNH:2
FNDA:1,(anonymous_0)
FNDA:1,(anonymous_1)
DA:8,1
LF:1
LH:1
BRF:0
BRH:0
end_of_record
TN:
SF:src\app\payment-success\payment-success.component.ts
FN:16,(anonymous_0)
FN:23,(anonymous_1)
FN:33,(anonymous_2)
FN:35,(anonymous_3)
FN:40,(anonymous_4)
FN:41,(anonymous_5)
FN:44,(anonymous_6)
FN:45,(anonymous_7)
FN:53,(anonymous_8)
FNF:9
FNH:2
FNDA:1,(anonymous_0)
FNDA:1,(anonymous_1)
FNDA:0,(anonymous_2)
FNDA:0,(anonymous_3)
FNDA:0,(anonymous_4)
FNDA:0,(anonymous_5)
FNDA:0,(anonymous_6)
FNDA:0,(anonymous_7)
FNDA:0,(anonymous_8)
DA:12,1
DA:14,1
DA:15,1
DA:17,1
DA:18,1
DA:19,1
DA:20,1
DA:24,1
DA:25,1
DA:26,1
DA:28,1
DA:29,1
DA:30,1
DA:31,1
DA:32,0
DA:33,0
DA:34,0
DA:36,0
DA:37,0
DA:38,0
DA:40,0
DA:42,0
DA:43,0
DA:45,0
DA:46,0
DA:48,0
DA:49,0
DA:50,0
DA:51,0
DA:54,0
DA:55,0
LF:31
LH:14
BRDA:24,0,0,1
BRDA:24,0,1,1
BRDA:31,1,0,0
BRDA:31,1,1,1
BRDA:42,2,0,0
BRDA:42,2,1,0
BRF:6
BRH:3
end_of_record
TN:
SF:src\app\pipes\filter-product.pipe.ts
FN:7,(anonymous_0)
FN:10,(anonymous_1)
FNF:2
FNH:1
FNDA:9,(anonymous_0)
FNDA:0,(anonymous_1)
DA:6,1
DA:8,9
DA:9,9
DA:10,0
DA:11,0
LF:5
LH:3
BRDA:8,0,0,0
BRDA:8,0,1,9
BRDA:9,1,0,9
BRDA:9,1,1,0
BRF:4
BRH:2
end_of_record
TN:
SF:src\app\product\product-details\product-details.component.ts
FN:17,(anonymous_0)
FN:24,(anonymous_1)
FN:36,(anonymous_2)
FN:37,(anonymous_3)
FN:56,(anonymous_4)
FN:59,(anonymous_5)
FN:64,(anonymous_6)
FN:66,(anonymous_7)
FN:69,(anonymous_8)
FN:90,(anonymous_9)
FN:91,(anonymous_10)
FNF:11
FNH:5
FNDA:4,(anonymous_0)
FNDA:0,(anonymous_1)
FNDA:1,(anonymous_2)
FNDA:1,(anonymous_3)
FNDA:0,(anonymous_4)
FNDA:0,(anonymous_5)
FNDA:1,(anonymous_6)
FNDA:0,(anonymous_7)
FNDA:0,(anonymous_8)
FNDA:5,(anonymous_9)
FNDA:0,(anonymous_10)
DA:16,1
DA:18,4
DA:19,4
DA:20,4
DA:21,4
DA:22,4
DA:24,4
DA:25,0
DA:30,4
DA:31,4
DA:32,4
DA:33,4
DA:34,4
DA:37,1
DA:38,1
DA:39,1
DA:40,1
DA:41,2
DA:42,0
DA:43,0
DA:45,1
DA:46,1
DA:47,1
DA:48,0
DA:52,1
DA:53,1
DA:57,0
DA:60,0
DA:65,1
DA:66,1
DA:67,1
DA:68,1
DA:69,1
DA:70,0
DA:72,1
DA:73,1
DA:75,1
DA:76,0
DA:81,1
DA:82,0
DA:87,1
DA:91,5
DA:92,0
DA:93,0
LF:44
LH:33
BRDA:38,0,0,0
BRDA:38,0,1,1
BRDA:41,1,0,0
BRDA:41,1,1,2
BRDA:45,2,0,1
BRDA:45,2,1,0
BRDA:47,3,0,0
BRDA:47,3,1,1
BRDA:49,4,0,0
BRDA:49,4,1,0
BRDA:52,5,0,1
BRDA:52,5,1,0
BRDA:60,6,0,0
BRDA:60,6,1,0
BRDA:60,7,0,0
BRDA:60,7,1,0
BRDA:65,8,0,1
BRDA:65,8,1,1
BRDA:70,9,0,0
BRDA:70,9,1,0
BRDA:72,10,0,1
BRDA:72,10,1,0
BRDA:75,11,0,0
BRDA:75,11,1,1
BRDA:81,12,0,0
BRDA:81,12,1,1
BRF:26
BRH:10
end_of_record
TN:
SF:src\app\product\product-details-dialog\product-details-dialog.component.ts
FN:10,(anonymous_0)
FN:12,(anonymous_1)
FNF:2
FNH:2
FNDA:1,(anonymous_0)
FNDA:1,(anonymous_1)
DA:9,1
DA:10,1
LF:2
LH:2
BRF:0
BRH:0
end_of_record
TN:
SF:src\app\product\product-item\product-item.component.ts
FN:10,(anonymous_0)
FN:13,(anonymous_1)
FNF:2
FNH:2
FNDA:1,(anonymous_0)
FNDA:1,(anonymous_1)
DA:9,1
LF:1
LH:1
BRF:0
BRH:0
end_of_record
TN:
SF:src\app\product\product-list\product-list.component.ts
FN:19,(anonymous_0)
FN:39,(anonymous_1)
FN:47,(anonymous_2)
FN:55,(anonymous_3)
FN:60,(anonymous_4)
FN:65,(anonymous_5)
FN:70,(anonymous_6)
FN:75,(anonymous_7)
FN:80,(anonymous_8)
FN:87,(anonymous_9)
FN:121,(anonymous_10)
FN:131,(anonymous_11)
FN:138,(anonymous_12)
FN:144,(anonymous_13)
FN:149,(anonymous_14)
FN:152,(anonymous_15)
FN:158,(anonymous_16)
FNF:17
FNH:11
FNDA:9,(anonymous_0)
FNDA:1,(anonymous_1)
FNDA:0,(anonymous_2)
FNDA:1,(anonymous_3)
FNDA:1,(anonymous_4)
FNDA:1,(anonymous_5)
FNDA:1,(anonymous_6)
FNDA:1,(anonymous_7)
FNDA:0,(anonymous_8)
FNDA:0,(anonymous_9)
FNDA:9,(anonymous_10)
FNDA:0,(anonymous_11)
FNDA:9,(anonymous_12)
FNDA:9,(anonymous_13)
FNDA:9,(anonymous_14)
FNDA:0,(anonymous_15)
FNDA:0,(anonymous_16)
DA:18,1
DA:20,9
DA:21,9
DA:22,9
DA:23,9
DA:26,9
DA:27,9
DA:29,9
DA:30,9
DA:31,9
DA:32,9
DA:34,9
DA:35,9
DA:36,9
DA:37,9
DA:40,1
DA:48,0
DA:49,0
DA:50,0
DA:52,1
DA:56,1
DA:57,1
DA:61,1
DA:62,1
DA:66,1
DA:67,1
DA:71,1
DA:72,1
DA:76,1
DA:77,1
DA:81,0
DA:82,0
DA:83,0
DA:84,0
DA:88,0
DA:90,0
DA:92,0
DA:93,0
DA:94,0
DA:95,0
DA:96,0
DA:122,9
DA:123,9
DA:124,9
DA:125,9
DA:132,0
DA:133,0
DA:134,0
DA:135,0
DA:137,9
DA:139,9
DA:145,9
DA:150,9
DA:153,0
DA:154,0
DA:155,0
DA:156,0
DA:159,0
DA:160,0
DA:161,0
LF:60
LH:35
BRDA:44,0,0,0
BRDA:44,0,1,1
BRDA:45,1,0,1
BRDA:45,1,1,0
BRDA:92,2,0,0
BRDA:122,3,0,9
BRDA:122,3,1,9
BRDA:123,4,0,9
BRDA:123,4,1,9
BRDA:124,5,0,9
BRDA:124,5,1,9
BRDA:129,6,0,0
BRDA:129,6,1,9
BRDA:130,7,0,9
BRDA:130,7,1,0
BRDA:153,8,0,0
BRDA:153,8,1,0
BRDA:153,9,0,0
BRDA:153,9,1,0
BRF:19
BRH:10
end_of_record
TN:
SF:src\app\user-details\user-details.component.ts
FN:14,(anonymous_0)
FN:30,(anonymous_1)
FN:33,(anonymous_2)
FN:37,(anonymous_3)
FN:40,(anonymous_4)
FN:46,(anonymous_5)
FN:50,(anonymous_6)
FN:56,(anonymous_7)
FN:66,(anonymous_8)
FN:72,(anonymous_9)
FN:77,(anonymous_10)
FN:81,(anonymous_11)
FN:85,(anonymous_12)
FN:94,(anonymous_13)
FNF:14
FNH:7
FNDA:7,(anonymous_0)
FNDA:0,(anonymous_1)
FNDA:0,(anonymous_2)
FNDA:1,(anonymous_3)
FNDA:1,(anonymous_4)
FNDA:0,(anonymous_5)
FNDA:1,(anonymous_6)
FNDA:0,(anonymous_7)
FNDA:1,(anonymous_8)
FNDA:0,(anonymous_9)
FNDA:0,(anonymous_10)
FNDA:0,(anonymous_11)
FNDA:7,(anonymous_12)
FNDA:7,(anonymous_13)
DA:10,1
DA:12,7
DA:14,7
DA:15,7
DA:16,7
DA:17,7
DA:18,7
DA:19,7
DA:20,7
DA:21,7
DA:22,7
DA:23,7
DA:24,7
DA:25,7
DA:26,7
DA:31,0
DA:34,0
DA:35,0
DA:38,1
DA:41,1
DA:42,1
DA:44,1
DA:45,1
DA:46,1
DA:47,0
DA:51,1
DA:52,1
DA:53,1
DA:54,1
DA:55,1
DA:56,1
DA:57,0
DA:58,0
DA:61,1
DA:63,0
DA:67,1
DA:68,1
DA:70,1
DA:71,1
DA:72,1
DA:73,0
DA:78,0
DA:79,0
DA:82,0
DA:86,7
DA:87,7
DA:88,0
DA:91,7
DA:92,7
DA:95,7
DA:96,3
LF:51
LH:39
BRDA:41,0,0,1
BRDA:41,0,1,0
BRDA:51,1,0,1
BRDA:51,1,1,0
BRDA:51,2,0,1
BRDA:51,2,1,1
BRDA:52,3,0,1
BRDA:52,3,1,0
BRDA:67,4,0,1
BRDA:67,4,1,0
BRDA:86,5,0,7
BRDA:86,5,1,7
BRDA:87,6,0,0
BRDA:87,6,1,7
BRDA:95,7,0,3
BRDA:95,7,1,4
BRF:16
BRH:11
end_of_record
TN:
SF:src\app\user-details\my-orders\my-orders.component.ts
FN:14,(anonymous_0)
FN:16,(anonymous_1)
FN:20,(anonymous_2)
FN:22,(anonymous_3)
FNF:4
FNH:2
FNDA:1,(anonymous_0)
FNDA:0,(anonymous_1)
FNDA:1,(anonymous_2)
FNDA:0,(anonymous_3)
DA:9,1
DA:10,1
DA:12,1
DA:14,1
DA:17,0
DA:21,1
DA:22,1
DA:23,0
LF:8
LH:6
BRDA:21,0,0,1
BRDA:21,0,1,1
BRF:2
BRH:2
end_of_record
TN:
SF:src\app\user-details\order-item\order-item.component.ts
FN:15,(anonymous_0)
FN:17,(anonymous_1)
FN:21,(anonymous_2)
FN:23,(anonymous_3)
FN:25,(anonymous_4)
FNF:5
FNH:0
FNDA:0,(anonymous_0)
FNDA:0,(anonymous_1)
FNDA:0,(anonymous_2)
FNDA:0,(anonymous_3)
FNDA:0,(anonymous_4)
DA:10,1
DA:12,0
DA:13,0
DA:15,0
DA:18,0
DA:22,0
DA:23,0
DA:24,0
DA:26,0
DA:27,0
DA:31,0
DA:32,0
LF:12
LH:1
BRF:0
BRH:0
end_of_record
TN:
SF:src\environments\environment.ts
FNF:0
FNH:0
DA:5,1
LF:1
LH:1
BRF:0
BRH:0
end_of_record
TN:
SF:src\modules\material\material.module.ts
FNF:0
FNH:0
DA:10,1
DA:25,1
LF:2
LH:2
BRF:0
BRH:0
end_of_record
TN:
SF:src\services\account.service.ts
FN:14,(anonymous_0)
FN:23,(anonymous_1)
FN:27,(anonymous_2)
FN:35,(anonymous_3)
FN:45,(anonymous_4)
FN:57,(anonymous_5)
FN:61,(anonymous_6)
FN:65,(anonymous_7)
FN:69,(anonymous_8)
FN:71,(anonymous_9)
FN:81,(anonymous_10)
FN:83,(anonymous_11)
FN:92,(anonymous_12)
FN:97,(anonymous_13)
FN:101,(anonymous_14)
FN:108,(anonymous_15)
FN:112,(anonymous_16)
FN:116,(anonymous_17)
FN:120,(anonymous_18)
FNF:19
FNH:10
FNDA:33,(anonymous_0)
FNDA:6,(anonymous_1)
FNDA:3,(anonymous_2)
FNDA:0,(anonymous_3)
FNDA:0,(anonymous_4)
FNDA:0,(anonymous_5)
FNDA:1,(anonymous_6)
FNDA:1,(anonymous_7)
FNDA:0,(anonymous_8)
FNDA:0,(anonymous_9)
FNDA:0,(anonymous_10)
FNDA:0,(anonymous_11)
FNDA:1,(anonymous_12)
FNDA:4,(anonymous_13)
FNDA:1,(anonymous_14)
FNDA:1,(anonymous_15)
FNDA:3,(anonymous_16)
FNDA:0,(anonymous_17)
FNDA:0,(anonymous_18)
DA:10,1
DA:14,33
DA:15,33
DA:16,0
DA:19,33
DA:20,33
DA:24,6
DA:28,3
DA:36,0
DA:37,0
DA:38,0
DA:39,0
DA:40,0
DA:46,0
DA:47,0
DA:58,0
DA:62,1
DA:66,1
DA:70,0
DA:72,0
DA:73,0
DA:74,0
DA:75,0
DA:77,0
DA:82,0
DA:85,0
DA:86,0
DA:88,0
DA:93,1
DA:98,4
DA:102,1
DA:109,1
DA:113,3
DA:117,0
DA:121,0
LF:35
LH:14
BRDA:15,0,0,0
BRDA:15,0,1,33
BRDA:17,1,0,0
BRDA:17,1,1,0
BRDA:72,2,0,0
BRDA:72,2,1,0
BRDA:85,3,0,0
BRDA:85,3,1,0
BRF:8
BRH:1
end_of_record
TN:
SF:src\services\cart.service.ts
FN:18,(anonymous_0)
FN:19,(anonymous_1)
FN:35,(anonymous_2)
FN:42,(anonymous_3)
FN:46,(anonymous_4)
FN:50,(anonymous_5)
FN:83,(anonymous_6)
FNF:7
FNH:2
FNDA:36,(anonymous_0)
FNDA:7,(anonymous_1)
FNDA:0,(anonymous_2)
FNDA:0,(anonymous_3)
FNDA:0,(anonymous_4)
FNDA:0,(anonymous_5)
FNDA:0,(anonymous_6)
DA:10,1
DA:11,36
DA:17,36
DA:18,36
DA:20,7
DA:21,7
DA:22,7
DA:23,7
DA:24,0
DA:25,0
DA:26,0
DA:30,0
DA:31,0
DA:32,0
DA:35,0
DA:36,0
DA:37,0
DA:43,0
DA:44,0
DA:47,0
DA:51,0
DA:52,0
DA:53,0
DA:54,0
DA:55,0
DA:56,0
DA:57,0
DA:58,0
DA:59,0
DA:60,0
DA:63,0
DA:64,0
DA:66,0
DA:67,0
DA:73,0
DA:75,0
DA:76,0
DA:77,0
DA:80,0
DA:81,0
DA:84,0
DA:85,0
DA:89,0
DA:90,0
LF:44
LH:8
BRDA:12,0,0,36
BRDA:12,0,1,8
BRDA:21,1,0,7
BRDA:21,1,1,7
BRDA:23,2,0,0
BRDA:23,2,1,7
BRDA:23,3,0,7
BRDA:23,3,1,0
BRDA:24,4,0,0
BRDA:24,4,1,0
BRDA:25,5,0,0
BRDA:25,5,1,0
BRDA:43,6,0,0
BRDA:43,6,1,0
BRDA:51,7,0,0
BRDA:51,7,1,0
BRDA:53,8,0,0
BRDA:53,8,1,0
BRDA:55,9,0,0
BRDA:55,9,1,0
BRDA:57,10,0,0
BRDA:57,10,1,0
BRDA:75,11,0,0
BRDA:75,11,1,0
BRDA:78,12,0,0
BRDA:78,12,1,0
BRDA:80,13,0,0
BRDA:80,13,1,0
BRF:28
BRH:6
end_of_record
TN:
SF:src\services\order.service.ts
FN:10,(anonymous_0)
FN:12,(anonymous_1)
FN:16,(anonymous_2)
FN:19,(anonymous_3)
FN:23,(anonymous_4)
FNF:5
FNH:2
FNDA:5,(anonymous_0)
FNDA:0,(anonymous_1)
FNDA:1,(anonymous_2)
FNDA:0,(anonymous_3)
FNDA:0,(anonymous_4)
DA:9,1
DA:10,5
DA:13,0
DA:17,1
DA:20,0
DA:24,0
LF:6
LH:3
BRF:0
BRH:0
end_of_record
TN:
SF:src\services\product.service.ts
FN:10,(anonymous_0)
FN:12,(anonymous_1)
FN:23,(anonymous_2)
FN:26,(anonymous_3)
FNF:4
FNH:4
FNDA:24,(anonymous_0)
FNDA:11,(anonymous_1)
FNDA:11,(anonymous_2)
FNDA:2,(anonymous_3)
DA:9,1
DA:10,24
DA:14,11
DA:15,0
DA:19,11
DA:24,11
DA:27,2
LF:7
LH:6
BRDA:14,0,0,0
BRDA:14,0,1,11
BRDA:14,1,0,11
BRDA:14,1,1,0
BRF:4
BRH:2
end_of_record
TN:
SF:src\services\search.service.ts
FN:10,(anonymous_0)
FN:11,(anonymous_1)
FNF:2
FNH:2
FNDA:28,(anonymous_0)
FNDA:1,(anonymous_1)
DA:7,1
DA:8,28
DA:9,28
DA:12,1
LF:4
LH:4
BRF:0
BRH:0
end_of_record
